0 info it worked if it ends with ok
1 verbose cli [ '/usr/bin/nodejs',
1 verbose cli   '/usr/bin/npm',
1 verbose cli   'install',
1 verbose cli   'sails-mysql@0.11.x' ]
2 info using npm@1.4.21
3 info using node@v0.10.29
4 verbose readDependencies using package.json deps
5 verbose cache add [ 'sails-mysql@0.11.x', null ]
6 verbose cache add name=undefined spec="sails-mysql@0.11.x" args=["sails-mysql@0.11.x",null]
7 verbose parsed url { protocol: null,
7 verbose parsed url   slashes: null,
7 verbose parsed url   auth: null,
7 verbose parsed url   host: null,
7 verbose parsed url   port: null,
7 verbose parsed url   hostname: null,
7 verbose parsed url   hash: null,
7 verbose parsed url   search: null,
7 verbose parsed url   query: null,
7 verbose parsed url   pathname: 'sails-mysql@0.11.x',
7 verbose parsed url   path: 'sails-mysql@0.11.x',
7 verbose parsed url   href: 'sails-mysql@0.11.x' }
8 verbose cache add name="sails-mysql" spec="0.11.x" args=["sails-mysql","0.11.x"]
9 verbose parsed url { protocol: null,
9 verbose parsed url   slashes: null,
9 verbose parsed url   auth: null,
9 verbose parsed url   host: null,
9 verbose parsed url   port: null,
9 verbose parsed url   hostname: null,
9 verbose parsed url   hash: null,
9 verbose parsed url   search: null,
9 verbose parsed url   query: null,
9 verbose parsed url   pathname: '0.11.x',
9 verbose parsed url   path: '0.11.x',
9 verbose parsed url   href: '0.11.x' }
10 verbose addNamed [ 'sails-mysql', '0.11.x' ]
11 verbose addNamed [ null, '>=0.11.0-0 <0.12.0-0' ]
12 silly lockFile 7e3abe14-sails-mysql-0-11-x sails-mysql@0.11.x
13 verbose lock sails-mysql@0.11.x /root/.npm/7e3abe14-sails-mysql-0-11-x.lock
14 silly addNameRange { name: 'sails-mysql',
14 silly addNameRange   range: '>=0.11.0-0 <0.12.0-0',
14 silly addNameRange   hasData: false }
15 verbose request where is /sails-mysql
16 verbose request registry https://registry.npmjs.org/
17 verbose request id 210976ed629ba728
18 verbose url raw /sails-mysql
19 verbose url resolving [ 'https://registry.npmjs.org/', './sails-mysql' ]
20 verbose url resolved https://registry.npmjs.org/sails-mysql
21 verbose request where is https://registry.npmjs.org/sails-mysql
22 info trying registry request attempt 1 at 00:31:44
23 http GET https://registry.npmjs.org/sails-mysql
24 http 200 https://registry.npmjs.org/sails-mysql
25 silly registry.get cb [ 200,
25 silly registry.get   { date: 'Tue, 14 Apr 2015 19:31:45 GMT',
25 silly registry.get     server: 'CouchDB/1.5.0 (Erlang OTP/R16B03)',
25 silly registry.get     etag: '"2DUXNLPA4OFOPK6U3JOHLNUN8"',
25 silly registry.get     'content-type': 'application/json',
25 silly registry.get     'cache-control': 'max-age=60',
25 silly registry.get     'content-length': '47739',
25 silly registry.get     'accept-ranges': 'bytes',
25 silly registry.get     via: '1.1 varnish',
25 silly registry.get     age: '0',
25 silly registry.get     'x-served-by': 'cache-ams4146-AMS',
25 silly registry.get     'x-cache': 'MISS',
25 silly registry.get     'x-cache-hits': '0',
25 silly registry.get     'x-timer': 'S1429039905.622648,VS0,VE170',
25 silly registry.get     vary: 'Accept',
25 silly registry.get     'keep-alive': 'timeout=10, max=50',
25 silly registry.get     connection: 'Keep-Alive' } ]
26 silly addNameRange number 2 { name: 'sails-mysql',
26 silly addNameRange   range: '>=0.11.0-0 <0.12.0-0',
26 silly addNameRange   hasData: true }
27 silly addNameRange versions [ 'sails-mysql',
27 silly addNameRange   [ '0.6.0',
27 silly addNameRange     '0.7.0',
27 silly addNameRange     '0.7.1',
27 silly addNameRange     '0.7.2',
27 silly addNameRange     '0.7.3',
27 silly addNameRange     '0.7.4',
27 silly addNameRange     '0.7.5',
27 silly addNameRange     '0.7.6',
27 silly addNameRange     '0.7.7',
27 silly addNameRange     '0.7.8',
27 silly addNameRange     '0.9.0',
27 silly addNameRange     '0.9.1',
27 silly addNameRange     '0.9.2',
27 silly addNameRange     '0.9.3',
27 silly addNameRange     '0.9.4',
27 silly addNameRange     '0.9.5',
27 silly addNameRange     '0.9.6',
27 silly addNameRange     '0.9.7',
27 silly addNameRange     '0.9.8',
27 silly addNameRange     '0.9.9',
27 silly addNameRange     '0.10.0-rc1',
27 silly addNameRange     '0.10.0-rc2',
27 silly addNameRange     '0.10.0-rc3',
27 silly addNameRange     '0.10.0-rc5',
27 silly addNameRange     '0.10.0-rc6',
27 silly addNameRange     '0.9.10',
27 silly addNameRange     '0.10.0-rc7',
27 silly addNameRange     '0.10.1',
27 silly addNameRange     '0.10.2',
27 silly addNameRange     '0.10.3',
27 silly addNameRange     '0.10.4',
27 silly addNameRange     '0.10.5',
27 silly addNameRange     '0.10.6',
27 silly addNameRange     '0.10.7',
27 silly addNameRange     '0.10.8',
27 silly addNameRange     '0.10.9',
27 silly addNameRange     '0.10.10',
27 silly addNameRange     '0.10.11' ] ]
28 silly lockFile 7e3abe14-sails-mysql-0-11-x sails-mysql@0.11.x
29 silly lockFile 7e3abe14-sails-mysql-0-11-x sails-mysql@0.11.x
30 error notarget No compatible version found: sails-mysql@'>=0.11.0-0 <0.12.0-0'
30 error notarget Valid install targets:
30 error notarget ["0.6.0","0.7.0","0.7.1","0.7.2","0.7.3","0.7.4","0.7.5","0.7.6","0.7.7","0.7.8","0.9.0","0.9.1","0.9.2","0.9.3","0.9.4","0.9.5","0.9.6","0.9.7","0.9.8","0.9.9","0.10.0-rc1","0.10.0-rc2","0.10.0-rc3","0.10.0-rc5","0.10.0-rc6","0.9.10","0.10.0-rc7","0.10.1","0.10.2","0.10.3","0.10.4","0.10.5","0.10.6","0.10.7","0.10.8","0.10.9","0.10.10","0.10.11"]
30 error notarget
30 error notarget This is most likely not a problem with npm itself.
30 error notarget In most cases you or one of your dependencies are requesting
30 error notarget a package version that doesn't exist.
31 error System Linux 3.2.0-4-amd64
32 error command "/usr/bin/nodejs" "/usr/bin/npm" "install" "sails-mysql@0.11.x"
33 error cwd /home/inconnect/test
34 error node -v v0.10.29
35 error npm -v 1.4.21
36 error code ETARGET
37 verbose exit [ 1, true ]
